\BOOKMARK [1][-]{section.1}{\376\377\000G\000i\036\333\000i\000\040\000t\000h\000i\036\307\000u\000\040\001\021\036\301\000\040\000t\000\340\000i}{}% 1
\BOOKMARK [2][-]{subsection.1.1}{\376\377\000T\036\325\000n\000g\000\040\000q\000u\000a\000n\000\040\001\021\036\301\000\040\000t\000\340\000i}{section.1}% 2
\BOOKMARK [2][-]{subsection.1.2}{\376\377\000S\036\361\000\040\000c\036\247\000n\000\040\000t\000h\000i\036\277\000t\000\040\001\021\036\301\000\040\000t\000\340\000i}{section.1}% 3
\BOOKMARK [2][-]{subsection.1.3}{\376\377\000L\036\343\000i\000\040\000\355\000c\000h\000\040\000v\000\340\000\040\000t\000i\036\301\000m\000\040\000n\001\003\000n\000g\000\040\000p\000h\000\341\000t\000\040\000t\000r\000i\036\303\000n}{section.1}% 4
\BOOKMARK [1][-]{section.2}{\376\377\000C\001\241\000\040\000s\036\337\000\040\000l\000\375\000\040\000t\000h\000u\000y\036\277\000t}{}% 5
\BOOKMARK [2][-]{subsection.2.1}{\376\377\000H\000T\000M\000L}{section.2}% 6
\BOOKMARK [2][-]{subsection.2.2}{\376\377\000C\000S\000S}{section.2}% 7
\BOOKMARK [2][-]{subsection.2.3}{\376\377\000J\000a\000v\000a\000S\000c\000r\000i\000p\000t}{section.2}% 8
\BOOKMARK [2][-]{subsection.2.4}{\376\377\000P\000H\000P}{section.2}% 9
\BOOKMARK [2][-]{subsection.2.5}{\376\377\000M\000y\000S\000Q\000L}{section.2}% 10
\BOOKMARK [2][-]{subsection.2.6}{\376\377\000B\000o\000o\000t\000s\000t\000r\000a\000p}{section.2}% 11
\BOOKMARK [1][-]{section.3}{\376\377\000T\000h\000i\036\277\000t\000\040\000k\036\277\000\040\036\351\000n\000g\000\040\000d\036\345\000n\000g}{}% 12
\BOOKMARK [2][-]{subsection.3.1}{\376\377\000K\000i\036\277\000n\000\040\000t\000r\000\372\000c\000\040\000h\036\307\000\040\000t\000h\036\321\000n\000g}{section.3}% 13
\BOOKMARK [2][-]{subsection.3.2}{\376\377\000C\000\341\000c\000\040\000m\000o\000d\000u\000l\000e\000\040\000c\000h\000\355\000n\000h\000\040\000c\036\347\000a\000\040\000h\036\307\000\040\000t\000h\036\321\000n\000g}{section.3}% 14
\BOOKMARK [3][-]{subsubsection.3.2.1}{\376\377\000M\000o\000d\000u\000l\000e\000\040\000n\000g\001\260\036\335\000i\000\040\000d\000\371\000n\000g}{subsection.3.2}% 15
\BOOKMARK [3][-]{subsubsection.3.2.2}{\376\377\000M\000o\000d\000u\000l\000e\000\040\000s\036\243\000n\000\040\000p\000h\036\251\000m}{subsection.3.2}% 16
\BOOKMARK [3][-]{subsubsection.3.2.3}{\376\377\000M\000o\000d\000u\000l\000e\000\040\000g\000i\036\317\000\040\000h\000\340\000n\000g\000\040\000v\000\340\000\040\000t\000h\000a\000n\000h\000\040\000t\000o\000\341\000n}{subsection.3.2}% 17
\BOOKMARK [3][-]{subsubsection.3.2.4}{\376\377\000M\000o\000d\000u\000l\000e\000\040\000q\000u\036\243\000n\000\040\000t\000r\036\313}{subsection.3.2}% 18
\BOOKMARK [2][-]{subsection.3.3}{\376\377\000G\000i\000a\000o\000\040\000d\000i\036\307\000n\000\040\000n\000g\001\260\036\335\000i\000\040\000d\000\371\000n\000g}{section.3}% 19
\BOOKMARK [3][-]{subsubsection.3.3.1}{\376\377\000T\000r\000a\000n\000g\000\040\000c\000h\036\347}{subsection.3.3}% 20
\BOOKMARK [3][-]{subsubsection.3.3.2}{\376\377\000T\000r\000a\000n\000g\000\040\000s\036\243\000n\000\040\000p\000h\036\251\000m}{subsection.3.3}% 21
\BOOKMARK [3][-]{subsubsection.3.3.3}{\376\377\000T\000r\000a\000n\000g\000\040\000c\000h\000i\000\040\000t\000i\036\277\000t\000\040\000s\036\243\000n\000\040\000p\000h\036\251\000m}{subsection.3.3}% 22
\BOOKMARK [3][-]{subsubsection.3.3.4}{\376\377\000T\000r\000a\000n\000g\000\040\000K\000h\000u\000y\036\277\000n\000\040\000M\000\343\000i\000:}{subsection.3.3}% 23
\BOOKMARK [2][-]{subsection.3.4}{\376\377\000Q\000u\000y\000\040\000t\000r\000\354\000n\000h\000\040\000x\036\355\000\040\000l\000\375\000\040\001\021\001\241\000n\000\040\000h\000\340\000n\000g}{section.3}% 24
\BOOKMARK [2][-]{subsection.3.5}{\376\377\000C\001\241\000\040\000s\036\337\000\040\000d\036\357\000\040\000l\000i\036\307\000u}{section.3}% 25
\BOOKMARK [1][-]{section.4}{\376\377\000G\000i\036\333\000i\000\040\000t\000h\000i\036\307\000u\000\040\000t\000r\000a\000n\000g\000\040\000w\000e\000b}{}% 26
\BOOKMARK [2][-]{subsection.4.1}{\376\377\000V\036\301\000\040\000p\000h\000\355\000a\000\040\000k\000h\000\341\000c\000h\000\040\000h\000\340\000n\000g}{section.4}% 27
\BOOKMARK [2][-]{subsection.4.2}{\376\377\000V\036\301\000\040\000p\000h\000\355\000a\000\040\000q\000u\036\243\000n\000\040\000l\000\375\000\040\000c\036\355\000a\000\040\000h\000\340\000n\000g}{section.4}% 28
\BOOKMARK [1][-]{section.5}{\376\377\000H\001\260\036\333\000n\000g\000\040\000d\036\253\000n\000\040\000t\000r\000i\036\303\000n\000\040\000k\000h\000a\000i\000\040\036\351\000n\000g\000\040\000d\036\345\000n\000g}{}% 29
\BOOKMARK [2][-]{subsection.5.1}{\376\377\000Y\000\352\000u\000\040\000c\036\247\000u\000\040\000h\036\307\000\040\000t\000h\036\321\000n\000g}{section.5}% 30
\BOOKMARK [2][-]{subsection.5.2}{\376\377\000Q\000u\000y\000\040\000t\000r\000\354\000n\000h\000\040\000t\000r\000i\036\303\000n\000\040\000k\000h\000a\000i}{section.5}% 31
\BOOKMARK [3][-]{subsubsection.5.2.1}{\376\377\000B\001\260\036\333\000c\000\040\0001\000:\000\040\000C\000\340\000i\000\040\001\021\036\267\000t\000\040\000D\000o\000c\000k\000e\000r\000\040\000D\000e\000s\000k\000t\000o\000p}{subsection.5.2}% 32
\BOOKMARK [3][-]{subsubsection.5.2.2}{\376\377\000B\001\260\036\333\000c\000\040\0002\000:\000\040\000C\000l\000o\000n\000e\000\040\000r\000e\000p\000o\000s\000i\000t\000o\000r\000y\000\040\000t\036\353\000\040\000G\000i\000t\000H\000u\000b}{subsection.5.2}% 33
\BOOKMARK [3][-]{subsubsection.5.2.3}{\376\377\000B\001\260\036\333\000c\000\040\0003\000:\000\040\000C\036\245\000u\000\040\000h\000\354\000n\000h\000\040\000v\000\340\000\040\000k\000h\036\337\000i\000\040\001\021\036\331\000n\000g\000\040\000c\000o\000n\000t\000a\000i\000n\000e\000r\000s}{subsection.5.2}% 34
\BOOKMARK [3][-]{subsubsection.5.2.4}{\376\377\000B\001\260\036\333\000c\000\040\0004\000:\000\040\000K\000i\036\303\000m\000\040\000t\000r\000a\000\040\000t\000r\036\241\000n\000g\000\040\000t\000h\000\341\000i\000\040\000d\000e\000p\000l\000o\000y\000m\000e\000n\000t}{subsection.5.2}% 35
\BOOKMARK [3][-]{subsubsection.5.2.5}{\376\377\000B\001\260\036\333\000c\000\040\0005\000:\000\040\000T\000r\000u\000y\000\040\000c\036\255\000p\000\040\036\351\000n\000g\000\040\000d\036\345\000n\000g}{subsection.5.2}% 36
\BOOKMARK [2][-]{subsection.5.3}{\376\377\000C\000\341\000c\000\040\000l\036\307\000n\000h\000\040\000q\000u\036\243\000n\000\040\000l\000\375\000\040\000t\000h\001\260\036\335\000n\000g\000\040\000d\000\371\000n\000g}{section.5}% 37
\BOOKMARK [1][-]{section.6}{\376\377\000N\000h\000i\036\307\000m\000\040\000V\036\345\000\040\000T\036\353\000n\000g\000\040\000T\000h\000\340\000n\000h\000\040\000V\000i\000\352\000n}{}% 38
\BOOKMARK [1][-]{section.7}{\376\377\000S\000o\000u\000r\000c\000e\000\040\000c\000o\000d\000e\000\040\000B\000T\000L}{}% 39
\BOOKMARK [1][-]{section.8}{\376\377\000T\000\340\000i\000\040\000l\000i\036\307\000u\000\040\000t\000h\000a\000m\000\040\000k\000h\036\243\000o}{}% 40
